

Started GET "/home/" for 127.0.0.1 at 2013-02-18 20:51:59 -0500
Connecting to database specified by database.yml
Processing by HomeController#index as HTML
  Rendered home/index.haml within layouts/application (0.8ms)
Compiled application.css  (0ms)  (pid 42644)
Compiled jquery.js  (1ms)  (pid 42644)
Compiled jquery_ujs.js  (0ms)  (pid 42644)
Compiled application.js  (14ms)  (pid 42644)
Completed 200 OK in 149ms (Views: 148.4ms | ActiveRecord: 0.0ms)


Started GET "/assets/application.css?body=1" for 127.0.0.1 at 2013-02-18 20:52:00 -0500
Served asset /application.css - 200 OK (4ms)


Started GET "/assets/jquery.js?body=1" for 127.0.0.1 at 2013-02-18 20:52:00 -0500
Served asset /jquery.js - 304 Not Modified (16ms)


Started GET "/assets/application.js?body=1" for 127.0.0.1 at 2013-02-18 20:52:00 -0500
Served asset /application.js - 304 Not Modified (3ms)


Started GET "/assets/jquery_ujs.js?body=1" for 127.0.0.1 at 2013-02-18 20:52:00 -0500
Served asset /jquery_ujs.js - 304 Not Modified (1ms)


Started GET "/gallery" for 127.0.0.1 at 2013-02-19 07:11:33 -0500
Connecting to database specified by database.yml
Processing by HomeController#gallery as HTML
  Rendered home/gallery.haml within layouts/application (3.9ms)
Compiled application.css  (0ms)  (pid 1708)
Compiled jquery.js  (1ms)  (pid 1708)
Compiled jquery_ujs.js  (0ms)  (pid 1708)
Compiled application.js  (31ms)  (pid 1708)
Completed 200 OK in 83ms (Views: 82.3ms | ActiveRecord: 0.0ms)


Started GET "/assets/jquery_ujs.js?body=1" for 127.0.0.1 at 2013-02-19 07:11:33 -0500
Served asset /jquery_ujs.js - 304 Not Modified (4ms)


Started GET "/assets/jquery.js?body=1" for 127.0.0.1 at 2013-02-19 07:11:33 -0500
Served asset /jquery.js - 304 Not Modified (1ms)


Started GET "/assets/application.css?body=1" for 127.0.0.1 at 2013-02-19 07:11:33 -0500
Served asset /application.css - 304 Not Modified (1ms)


Started GET "/assets/application.js?body=1" for 127.0.0.1 at 2013-02-19 07:11:33 -0500
Served asset /application.js - 304 Not Modified (2ms)


Started GET "/gallery" for 127.0.0.1 at 2013-02-19 07:11:35 -0500
Processing by HomeController#gallery as HTML
  Rendered home/gallery.haml within layouts/application (1.1ms)
Completed 200 OK in 4ms (Views: 3.7ms | ActiveRecord: 0.0ms)


Started GET "/assets/application.css?body=1" for 127.0.0.1 at 2013-02-19 07:11:35 -0500
Served asset /application.css - 304 Not Modified (0ms)


Started GET "/assets/jquery_ujs.js?body=1" for 127.0.0.1 at 2013-02-19 07:11:35 -0500
Served asset /jquery_ujs.js - 304 Not Modified (0ms)


Started GET "/assets/jquery.js?body=1" for 127.0.0.1 at 2013-02-19 07:11:35 -0500
Served asset /jquery.js - 304 Not Modified (0ms)


Started GET "/assets/application.js?body=1" for 127.0.0.1 at 2013-02-19 07:11:35 -0500
Served asset /application.js - 304 Not Modified (0ms)


Started GET "/gallery" for 127.0.0.1 at 2013-02-19 07:11:36 -0500
Processing by HomeController#gallery as HTML
  Rendered home/gallery.haml within layouts/application (1.1ms)
Completed 200 OK in 4ms (Views: 3.6ms | ActiveRecord: 0.0ms)


Started GET "/assets/jquery.js?body=1" for 127.0.0.1 at 2013-02-19 07:11:36 -0500
Served asset /jquery.js - 304 Not Modified (0ms)


Started GET "/assets/jquery_ujs.js?body=1" for 127.0.0.1 at 2013-02-19 07:11:36 -0500
Served asset /jquery_ujs.js - 304 Not Modified (0ms)


Started GET "/assets/application.css?body=1" for 127.0.0.1 at 2013-02-19 07:11:36 -0500
Served asset /application.css - 304 Not Modified (0ms)


Started GET "/assets/application.js?body=1" for 127.0.0.1 at 2013-02-19 07:11:36 -0500
Served asset /application.js - 304 Not Modified (0ms)


Started GET "/our_story" for 127.0.0.1 at 2013-02-19 07:11:37 -0500

AbstractController::ActionNotFound (The action 'our_story' could not be found for HomeController):
  vendor/bundle/ruby/1.9.1/gems/actionpack-3.2.12/lib/abstract_controller/base.rb:116:in `process'
  vendor/bundle/ruby/1.9.1/gems/actionpack-3.2.12/lib/abstract_controller/rendering.rb:45:in `process'
  vendor/bundle/ruby/1.9.1/gems/actionpack-3.2.12/lib/action_controller/metal.rb:203:in `dispatch'
  vendor/bundle/ruby/1.9.1/gems/actionpack-3.2.12/lib/action_controller/metal/rack_delegation.rb:14:in `dispatch'
  vendor/bundle/ruby/1.9.1/gems/actionpack-3.2.12/lib/action_controller/metal.rb:246:in `block in action'
  vendor/bundle/ruby/1.9.1/gems/actionpack-3.2.12/lib/action_dispatch/routing/route_set.rb:73:in `call'
  vendor/bundle/ruby/1.9.1/gems/actionpack-3.2.12/lib/action_dispatch/routing/route_set.rb:73:in `dispatch'
  vendor/bundle/ruby/1.9.1/gems/actionpack-3.2.12/lib/action_dispatch/routing/route_set.rb:36:in `call'
  vendor/bundle/ruby/1.9.1/gems/journey-1.0.4/lib/journey/router.rb:68:in `block in call'
  vendor/bundle/ruby/1.9.1/gems/journey-1.0.4/lib/journey/router.rb:56:in `each'
  vendor/bundle/ruby/1.9.1/gems/journey-1.0.4/lib/journey/router.rb:56:in `call'
  vendor/bundle/ruby/1.9.1/gems/actionpack-3.2.12/lib/action_dispatch/routing/route_set.rb:601:in `call'
  vendor/bundle/ruby/1.9.1/gems/haml-3.1.4/vendor/sass/lib/sass/plugin/rack.rb:54:in `call'
  vendor/bundle/ruby/1.9.1/gems/actionpack-3.2.12/lib/action_dispatch/middleware/best_standards_support.rb:17:in `call'
  vendor/bundle/ruby/1.9.1/gems/rack-1.4.5/lib/rack/etag.rb:23:in `call'
  vendor/bundle/ruby/1.9.1/gems/rack-1.4.5/lib/rack/conditionalget.rb:25:in `call'
  vendor/bundle/ruby/1.9.1/gems/actionpack-3.2.12/lib/action_dispatch/middleware/head.rb:14:in `call'
  vendor/bundle/ruby/1.9.1/gems/actionpack-3.2.12/lib/action_dispatch/middleware/params_parser.rb:21:in `call'
  vendor/bundle/ruby/1.9.1/gems/actionpack-3.2.12/lib/action_dispatch/middleware/flash.rb:242:in `call'
  vendor/bundle/ruby/1.9.1/gems/rack-1.4.5/lib/rack/session/abstract/id.rb:210:in `context'
  vendor/bundle/ruby/1.9.1/gems/rack-1.4.5/lib/rack/session/abstract/id.rb:205:in `call'
  vendor/bundle/ruby/1.9.1/gems/actionpack-3.2.12/lib/action_dispatch/middleware/cookies.rb:341:in `call'
  vendor/bundle/ruby/1.9.1/gems/activerecord-3.2.12/lib/active_record/query_cache.rb:64:in `call'
  vendor/bundle/ruby/1.9.1/gems/activerecord-3.2.12/lib/active_record/connection_adapters/abstract/connection_pool.rb:479:in `call'
  vendor/bundle/ruby/1.9.1/gems/actionpack-3.2.12/lib/action_dispatch/middleware/callbacks.rb:28:in `block in call'
  vendor/bundle/ruby/1.9.1/gems/activesupport-3.2.12/lib/active_support/callbacks.rb:405:in `_run__4337090847083479196__call__1794441312736614868__callbacks'
  vendor/bundle/ruby/1.9.1/gems/activesupport-3.2.12/lib/active_support/callbacks.rb:405:in `__run_callback'
  vendor/bundle/ruby/1.9.1/gems/activesupport-3.2.12/lib/active_support/callbacks.rb:385:in `_run_call_callbacks'
  vendor/bundle/ruby/1.9.1/gems/activesupport-3.2.12/lib/active_support/callbacks.rb:81:in `run_callbacks'
  vendor/bundle/ruby/1.9.1/gems/actionpack-3.2.12/lib/action_dispatch/middleware/callbacks.rb:27:in `call'
  vendor/bundle/ruby/1.9.1/gems/actionpack-3.2.12/lib/action_dispatch/middleware/reloader.rb:65:in `call'
  vendor/bundle/ruby/1.9.1/gems/actionpack-3.2.12/lib/action_dispatch/middleware/remote_ip.rb:31:in `call'
  vendor/bundle/ruby/1.9.1/gems/actionpack-3.2.12/lib/action_dispatch/middleware/debug_exceptions.rb:16:in `call'
  vendor/bundle/ruby/1.9.1/gems/actionpack-3.2.12/lib/action_dispatch/middleware/show_exceptions.rb:56:in `call'
  vendor/bundle/ruby/1.9.1/gems/railties-3.2.12/lib/rails/rack/logger.rb:32:in `call_app'
  vendor/bundle/ruby/1.9.1/gems/railties-3.2.12/lib/rails/rack/logger.rb:16:in `block in call'
  vendor/bundle/ruby/1.9.1/gems/activesupport-3.2.12/lib/active_support/tagged_logging.rb:22:in `tagged'
  vendor/bundle/ruby/1.9.1/gems/railties-3.2.12/lib/rails/rack/logger.rb:16:in `call'
  vendor/bundle/ruby/1.9.1/gems/actionpack-3.2.12/lib/action_dispatch/middleware/request_id.rb:22:in `call'
  vendor/bundle/ruby/1.9.1/gems/rack-1.4.5/lib/rack/methodoverride.rb:21:in `call'
  vendor/bundle/ruby/1.9.1/gems/rack-1.4.5/lib/rack/runtime.rb:17:in `call'
  vendor/bundle/ruby/1.9.1/gems/activesupport-3.2.12/lib/active_support/cache/strategy/local_cache.rb:72:in `call'
  vendor/bundle/ruby/1.9.1/gems/rack-1.4.5/lib/rack/lock.rb:15:in `call'
  vendor/bundle/ruby/1.9.1/gems/actionpack-3.2.12/lib/action_dispatch/middleware/static.rb:62:in `call'
  vendor/bundle/ruby/1.9.1/gems/railties-3.2.12/lib/rails/engine.rb:479:in `call'
  vendor/bundle/ruby/1.9.1/gems/railties-3.2.12/lib/rails/application.rb:223:in `call'
  vendor/bundle/ruby/1.9.1/gems/rack-1.4.5/lib/rack/content_length.rb:14:in `call'
  vendor/bundle/ruby/1.9.1/gems/railties-3.2.12/lib/rails/rack/log_tailer.rb:17:in `call'
  vendor/bundle/ruby/1.9.1/gems/rack-1.4.5/lib/rack/handler/webrick.rb:59:in `service'
  /Users/amicch0/.rvm/rubies/ruby-1.9.3-p0/lib/ruby/1.9.1/webrick/httpserver.rb:138:in `service'
  /Users/amicch0/.rvm/rubies/ruby-1.9.3-p0/lib/ruby/1.9.1/webrick/httpserver.rb:94:in `run'
  /Users/amicch0/.rvm/rubies/ruby-1.9.3-p0/lib/ruby/1.9.1/webrick/server.rb:191:in `block in start_thread'


  Rendered vendor/bundle/ruby/1.9.1/gems/actionpack-3.2.12/lib/action_dispatch/middleware/templates/rescues/unknown_action.erb within rescues/layout (0.3ms)


Started GET "/about" for 127.0.0.1 at 2013-02-19 07:11:40 -0500
Processing by HomeController#about as HTML
  Rendered home/about.haml within layouts/application (3.8ms)
Completed 200 OK in 7ms (Views: 6.4ms | ActiveRecord: 0.0ms)


Started GET "/assets/jquery_ujs.js?body=1" for 127.0.0.1 at 2013-02-19 07:11:40 -0500
Served asset /jquery_ujs.js - 304 Not Modified (0ms)


Started GET "/assets/application.css?body=1" for 127.0.0.1 at 2013-02-19 07:11:40 -0500
Served asset /application.css - 304 Not Modified (0ms)


Started GET "/assets/jquery.js?body=1" for 127.0.0.1 at 2013-02-19 07:11:40 -0500
Served asset /jquery.js - 304 Not Modified (0ms)


Started GET "/assets/application.js?body=1" for 127.0.0.1 at 2013-02-19 07:11:40 -0500
Served asset /application.js - 304 Not Modified (0ms)


Started GET "/hotel" for 127.0.0.1 at 2013-02-19 07:11:41 -0500
Processing by HomeController#hotel as HTML
  Rendered home/hotel.haml within layouts/application (15.6ms)
Completed 200 OK in 19ms (Views: 18.4ms | ActiveRecord: 0.0ms)


Started GET "/assets/application.css?body=1" for 127.0.0.1 at 2013-02-19 07:11:41 -0500
Served asset /application.css - 304 Not Modified (0ms)


Started GET "/assets/jquery.js?body=1" for 127.0.0.1 at 2013-02-19 07:11:41 -0500
Served asset /jquery.js - 304 Not Modified (0ms)


Started GET "/assets/jquery_ujs.js?body=1" for 127.0.0.1 at 2013-02-19 07:11:41 -0500
Served asset /jquery_ujs.js - 304 Not Modified (0ms)


Started GET "/assets/application.js?body=1" for 127.0.0.1 at 2013-02-19 07:11:41 -0500
Served asset /application.js - 304 Not Modified (0ms)


Started GET "/gifts" for 127.0.0.1 at 2013-02-19 07:11:41 -0500
Processing by HomeController#gifts as HTML
  Rendered home/gifts.haml within layouts/application (3.7ms)
Completed 200 OK in 7ms (Views: 6.6ms | ActiveRecord: 0.0ms)


Started GET "/assets/application.css?body=1" for 127.0.0.1 at 2013-02-19 07:11:41 -0500
Served asset /application.css - 304 Not Modified (0ms)


Started GET "/assets/jquery_ujs.js?body=1" for 127.0.0.1 at 2013-02-19 07:11:41 -0500
Served asset /jquery_ujs.js - 304 Not Modified (0ms)


Started GET "/assets/jquery.js?body=1" for 127.0.0.1 at 2013-02-19 07:11:41 -0500
Served asset /jquery.js - 304 Not Modified (0ms)


Started GET "/assets/application.js?body=1" for 127.0.0.1 at 2013-02-19 07:11:41 -0500
Served asset /application.js - 304 Not Modified (0ms)


Started GET "/gifts" for 127.0.0.1 at 2013-02-19 07:14:06 -0500
Processing by HomeController#gifts as HTML
  Rendered home/gifts.haml within layouts/application (13.5ms)
Compiled bootstrap.min.css  (0ms)  (pid 1708)
Compiled application.css  (7ms)  (pid 1708)
Compiled bootstrap.min.js  (0ms)  (pid 1708)
Compiled application.js  (8ms)  (pid 1708)
Completed 200 OK in 69ms (Views: 68.3ms | ActiveRecord: 0.0ms)


Started GET "/assets/application.css?body=1" for 127.0.0.1 at 2013-02-19 07:14:06 -0500
Served asset /application.css - 304 Not Modified (4ms)


Started GET "/assets/jquery.js?body=1" for 127.0.0.1 at 2013-02-19 07:14:06 -0500
Served asset /jquery.js - 304 Not Modified (0ms)


Started GET "/assets/jquery_ujs.js?body=1" for 127.0.0.1 at 2013-02-19 07:14:06 -0500
Served asset /jquery_ujs.js - 304 Not Modified (0ms)


Started GET "/assets/application.js?body=1" for 127.0.0.1 at 2013-02-19 07:14:06 -0500
Served asset /application.js - 304 Not Modified (3ms)


Started GET "/assets/bootstrap.min.css?body=1" for 127.0.0.1 at 2013-02-19 07:14:06 -0500
Served asset /bootstrap.min.css - 200 OK (1ms)


Started GET "/assets/bootstrap.min.js?body=1" for 127.0.0.1 at 2013-02-19 07:14:06 -0500
Served asset /bootstrap.min.js - 200 OK (1ms)


Started GET "/gifts" for 127.0.0.1 at 2013-02-19 07:14:07 -0500
Processing by HomeController#gifts as HTML
  Rendered home/gifts.haml within layouts/application (1.1ms)
Completed 200 OK in 4ms (Views: 4.1ms | ActiveRecord: 0.0ms)


Started GET "/assets/jquery.js?body=1" for 127.0.0.1 at 2013-02-19 07:14:07 -0500
Served asset /jquery.js - 304 Not Modified (0ms)


Started GET "/assets/bootstrap.min.js?body=1" for 127.0.0.1 at 2013-02-19 07:14:07 -0500
Served asset /bootstrap.min.js - 304 Not Modified (0ms)


Started GET "/assets/application.css?body=1" for 127.0.0.1 at 2013-02-19 07:14:07 -0500
Served asset /application.css - 304 Not Modified (0ms)


Started GET "/assets/jquery_ujs.js?body=1" for 127.0.0.1 at 2013-02-19 07:14:07 -0500
Served asset /jquery_ujs.js - 304 Not Modified (0ms)


Started GET "/assets/bootstrap.min.css?body=1" for 127.0.0.1 at 2013-02-19 07:14:07 -0500
Served asset /bootstrap.min.css - 304 Not Modified (0ms)


Started GET "/assets/application.js?body=1" for 127.0.0.1 at 2013-02-19 07:14:07 -0500
Served asset /application.js - 304 Not Modified (0ms)
